<?xml version="1.0" encoding="UTF-8"?>
<!-- Generated by org.testng.reporters.JUnitReportReporter -->
<testsuite hostname="BKLAP117" failures="0" tests="1" name="Maven_Package.TwoTest" time="0.004" errors="0" timestamp="2022-08-20T22:38:18 IST" skipped="0">
  <testcase classname="Maven_Package.TwoTest" name="testTwo" time="0.004"/>
  <system-out/>
</testsuite> <!-- Maven_Package.TwoTest -->
