<?xml version="1.0" encoding="UTF-8"?>
<!-- Generated by org.testng.reporters.JUnitReportReporter -->
<testsuite hostname="BKLAP117" failures="0" tests="1" name="Maven_Package.OneTest" time="9.395" errors="0" timestamp="2022-08-20T22:31:54 IST" skipped="0">
  <testcase classname="Maven_Package.OneTest" name="mOne" time="9.395"/>
  <system-out/>
</testsuite> <!-- Maven_Package.OneTest -->
