<?xml version="1.0" encoding="UTF-8"?>
<!-- Generated by org.testng.reporters.JUnitReportReporter -->
<testsuite hostname="BKLAP117" failures="0" tests="1" name="Maven_Package.FourTest" time="0.000" errors="0" timestamp="2022-08-20T22:38:18 IST" skipped="0">
  <testcase classname="Maven_Package.FourTest" name="testFour" time="0.000"/>
  <system-out/>
</testsuite> <!-- Maven_Package.FourTest -->
