<?xml version="1.0" encoding="UTF-8"?>
<!-- Generated by org.testng.reporters.JUnitReportReporter -->
<testsuite hostname="BKLAP117" failures="0" tests="1" name="Maven_Package.ThreeTest" time="0.000" errors="0" timestamp="2022-08-20T22:31:54 IST" skipped="0">
  <testcase classname="Maven_Package.ThreeTest" name="testThree" time="0.000"/>
  <system-out/>
</testsuite> <!-- Maven_Package.ThreeTest -->
